<?xml version="1.0" encoding="UTF-8"?>
<!-- Generated by org.testng.reporters.JUnitReportReporter -->
<testsuite hostname="DESKTOP-O7UI4S1" failures="0" tests="2" name="testNG.SelectOptionsTest" time="2.838" errors="0" timestamp="2021-02-05T14:56:01 CET" skipped="0">
  <testcase classname="testNG.SelectOptionsTest" name="selectLangDA" time="1.589"/>
  <system-out/>
  <testcase classname="testNG.SelectOptionsTest" name="selectOpt" time="1.249"/>
  <system-out/>
</testsuite> <!-- testNG.SelectOptionsTest -->
