<?xml version="1.0" encoding="UTF-8"?>
<!-- Generated by org.testng.reporters.JUnitReportReporter -->
<testsuite hostname="DESKTOP-O7UI4S1" failures="0" tests="3" name="TestGuru99MultipleSession" time="35.372" errors="0" timestamp="2021-05-19T09:01:18 CEST" skipped="0">
  <testcase classname="TestGuru99MultipleSession" name="executSessionOne" time="11.785"/>
  <system-out/>
  <testcase classname="TestGuru99MultipleSession" name="executSessionThree" time="11.806"/>
  <system-out/>
  <testcase classname="TestGuru99MultipleSession" name="executeSessionTwo" time="11.781"/>
  <system-out/>
</testsuite> <!-- TestGuru99MultipleSession -->
