<?xml version="1.0" encoding="UTF-8"?>
<!-- Generated by org.testng.reporters.JUnitReportReporter -->
<testsuite hostname="DESKTOP-O7UI4S1" failures="0" tests="1" name="testNG.NewTest" time="0.167" errors="0" timestamp="2021-05-12T10:22:30 CEST" skipped="0">
  <testcase classname="testNG.NewTest" name="inTest" time="0.167"/>
  <system-out/>
</testsuite> <!-- testNG.NewTest -->
