<?xml version="1.0" encoding="UTF-8"?>
<!-- Generated by org.testng.reporters.JUnitReportReporter -->
<testsuite hostname="DESKTOP-O7UI4S1" failures="0" tests="1" name="testNG.TestSelectLanguage" time="4.504" errors="0" timestamp="2021-02-04T12:02:42 CET" skipped="0">
  <testcase classname="testNG.TestSelectLanguage" name="selectLang" time="4.504"/>
  <system-out/>
</testsuite> <!-- testNG.TestSelectLanguage -->
