<?xml version="1.0" encoding="UTF-8"?>
<!-- Generated by org.testng.reporters.JUnitReportReporter -->
<testsuite hostname="DESKTOP-O7UI4S1" failures="0" tests="1" name="testNG.WebElementTest" time="0.238" errors="0" timestamp="2021-02-03T11:20:51 CET" skipped="0">
  <testcase classname="testNG.WebElementTest" name="testRadioButton" time="0.238"/>
  <system-out/>
</testsuite> <!-- testNG.WebElementTest -->
