<?xml version="1.0" encoding="UTF-8"?>
<!-- Generated by org.testng.reporters.JUnitReportReporter -->
<testsuite hostname="DESKTOP-O7UI4S1" failures="0" tests="3" name="multithreading.MultiThreadingTest" time="167.683" errors="0" timestamp="2021-05-19T08:50:11 CEST" skipped="0">
  <testcase classname="multithreading.MultiThreadingTest" name="multiThreading1" time="55.882"/>
  <system-out/>
  <testcase classname="multithreading.MultiThreadingTest" name="multiThreading1" time="55.907"/>
  <system-out/>
  <testcase classname="multithreading.MultiThreadingTest" name="multiThreading1" time="55.894"/>
  <system-out/>
</testsuite> <!-- multithreading.MultiThreadingTest -->
